\BOOKMARK [2][-]{subsection.0.1}{Pyramid Example}{}% 1
\BOOKMARK [3][-]{subsubsection.0.1.1}{Static view}{subsection.0.1}% 2
\BOOKMARK [3][-]{subsubsection.0.1.2}{JSON Renderer}{subsection.0.1}% 3
\BOOKMARK [3][-]{subsubsection.0.1.3}{Using Parameters}{subsection.0.1}% 4
\BOOKMARK [3][-]{subsubsection.0.1.4}{Using Route Matches}{subsection.0.1}% 5
\BOOKMARK [3][-]{subsubsection.0.1.5}{Using Request Body}{subsection.0.1}% 6
\BOOKMARK [2][-]{subsection.0.2}{Pyramid Concepts}{}% 7
\BOOKMARK [3][-]{subsubsection.0.2.1}{View}{subsection.0.2}% 8
\BOOKMARK [3][-]{subsubsection.0.2.2}{Route}{subsection.0.2}% 9
\BOOKMARK [3][-]{subsubsection.0.2.3}{Configurator}{subsection.0.2}% 10
\BOOKMARK [3][-]{subsubsection.0.2.4}{Registry}{subsection.0.2}% 11
\BOOKMARK [3][-]{subsubsection.0.2.5}{Scanning}{subsection.0.2}% 12
\BOOKMARK [2][-]{subsection.0.3}{Python Web Concepts}{}% 13
\BOOKMARK [3][-]{subsubsection.0.3.1}{WSGI}{subsection.0.3}% 14
\BOOKMARK [3][-]{subsubsection.0.3.2}{httpx}{subsection.0.3}% 15
\BOOKMARK [2][-]{subsection.0.4}{Unit Testing}{}% 16
\BOOKMARK [3][-]{subsubsection.0.4.1}{Mocking Functions}{subsection.0.4}% 17
\BOOKMARK [3][-]{subsubsection.0.4.2}{Mocking Request}{subsection.0.4}% 18
\BOOKMARK [3][-]{subsubsection.0.4.3}{Calling WSGI}{subsection.0.4}% 19
\BOOKMARK [3][-]{subsubsection.0.4.4}{Using httpx}{subsection.0.4}% 20
\BOOKMARK [2][-]{subsection.0.5}{Summary}{}% 21
\BOOKMARK [3][-]{subsubsection.0.5.1}{Pyramid: Concepts}{subsection.0.5}% 22
\BOOKMARK [3][-]{subsubsection.0.5.2}{Unit Testing: Why?}{subsection.0.5}% 23
\BOOKMARK [3][-]{subsubsection.0.5.3}{Unit Testing: How?}{subsection.0.5}% 24
